# JRE version: OpenJDK Runtime Environment (8.0_162-b12) (build 1.8.0_162-8u162-b12-0ubuntu0.16.04.2-b12)
# Java VM: OpenJDK 64-Bit Server VM (25.162-b12 mixed mode linux-amd64 compressed oops)
Heap:
 PSYoungGen      total 74752K, used 12365K [0x000000076cb80000, 0x0000000775d80000, 0x00000007c0000000)
  eden space 64512K, 8% used [0x000000076cb80000,0x000000076d0fe598,0x0000000770a80000)
  from space 10240K, 65% used [0x0000000771480000,0x0000000771b150a0,0x0000000771e80000)
  to   space 10240K, 0% used [0x0000000770a80000,0x0000000770a80000,0x0000000771480000)
 ParOldGen       total 171008K, used 1856K [0x00000006c6200000, 0x00000006d0900000, 0x000000076cb80000)
  object space 171008K, 1% used [0x00000006c6200000,0x00000006c63d0310,0x00000006d0900000)
 Metaspace       used 18030K, capacity 18449K, committed 18816K, reserved 1067008K
  class space    used 1696K, capacity 1864K, committed 1920K, reserved 1048576K
GC Heap History (4 events):
Event: 1,191 GC heap before
{Heap before GC invocations=1 (full 0):
 PSYoungGen      total 74752K, used 64336K [0x000000076cb80000, 0x0000000771e80000, 0x00000007c0000000)
  eden space 64512K, 99% used [0x000000076cb80000,0x0000000770a54340,0x0000000770a80000)
  from space 10240K, 0% used [0x0000000771480000,0x0000000771480000,0x0000000771e80000)
  to   space 10240K, 0% used [0x0000000770a80000,0x0000000770a80000,0x0000000771480000)
 ParOldGen       total 171008K, used 0K [0x00000006c6200000, 0x00000006d0900000, 0x000000076cb80000)
  object space 171008K, 0% used [0x00000006c6200000,0x00000006c6200000,0x00000006d0900000)
 Metaspace       used 16305K, capacity 16637K, committed 16896K, reserved 1064960K
  class space    used 1531K, capacity 1684K, committed 1792K, reserved 1048576K
Event: 1,196 GC heap after
Heap after GC invocations=1 (full 0):
 PSYoungGen      total 74752K, used 10234K [0x000000076cb80000, 0x0000000771e80000, 0x00000007c0000000)
  eden space 64512K, 0% used [0x000000076cb80000,0x000000076cb80000,0x0000000770a80000)
  from space 10240K, 99% used [0x0000000770a80000,0x000000077147e980,0x0000000771480000)
  to   space 10240K, 0% used [0x0000000771480000,0x0000000771480000,0x0000000771e80000)
 ParOldGen       total 171008K, used 1848K [0x00000006c6200000, 0x00000006d0900000, 0x000000076cb80000)
  object space 171008K, 1% used [0x00000006c6200000,0x00000006c63ce310,0x00000006d0900000)
 Metaspace       used 16305K, capacity 16637K, committed 16896K, reserved 1064960K
  class space    used 1531K, capacity 1684K, committed 1792K, reserved 1048576K
}
Event: 1,486 GC heap before
{Heap before GC invocations=2 (full 0):
 PSYoungGen      total 74752K, used 74723K [0x000000076cb80000, 0x0000000771e80000, 0x00000007c0000000)
  eden space 64512K, 99% used [0x000000076cb80000,0x0000000770a7a5d0,0x0000000770a80000)
  from space 10240K, 99% used [0x0000000770a80000,0x000000077147e980,0x0000000771480000)
  to   space 10240K, 0% used [0x0000000771480000,0x0000000771480000,0x0000000771e80000)
 ParOldGen       total 171008K, used 1848K [0x00000006c6200000, 0x00000006d0900000, 0x000000076cb80000)
  object space 171008K, 1% used [0x00000006c6200000,0x00000006c63ce310,0x00000006d0900000)
 Metaspace       used 17915K, capacity 18385K, committed 18560K, reserved 1067008K
  class space    used 1691K, capacity 1864K, committed 1920K, reserved 1048576K
Event: 1,492 GC heap after
Heap after GC invocations=2 (full 0):
 PSYoungGen      total 74752K, used 6740K [0x000000076cb80000, 0x0000000775d80000, 0x00000007c0000000)
  eden space 64512K, 0% used [0x000000076cb80000,0x000000076cb80000,0x0000000770a80000)
  from space 10240K, 65% used [0x0000000771480000,0x0000000771b150a0,0x0000000771e80000)
  to   space 10240K, 0% used [0x0000000770a80000,0x0000000770a80000,0x0000000771480000)
 ParOldGen       total 171008K, used 1856K [0x00000006c6200000, 0x00000006d0900000, 0x000000076cb80000)
  object space 171008K, 1% used [0x00000006c6200000,0x00000006c63d0310,0x00000006d0900000)
 Metaspace       used 17915K, capacity 18385K, committed 18560K, reserved 1067008K
  class space    used 1691K, capacity 1864K, committed 1920K, reserved 1048576K
}

