# JRE version: OpenJDK Runtime Environment (8.0_162-b12) (build 1.8.0_162-8u162-b12-0ubuntu0.16.04.2-b12)
# Java VM: OpenJDK 64-Bit Server VM (25.162-b12 mixed mode linux-amd64 compressed oops)
Heap:
 PSYoungGen      total 74752K, used 12770K [0x000000076cb80000, 0x0000000775d80000, 0x00000007c0000000)
  eden space 64512K, 10% used [0x000000076cb80000,0x000000076d2334b0,0x0000000770a80000)
  from space 10240K, 57% used [0x0000000771480000,0x0000000771a45648,0x0000000771e80000)
  to   space 10240K, 0% used [0x0000000770a80000,0x0000000770a80000,0x0000000771480000)
 ParOldGen       total 171008K, used 629K [0x00000006c6200000, 0x00000006d0900000, 0x000000076cb80000)
  object space 171008K, 0% used [0x00000006c6200000,0x00000006c629d4d8,0x00000006d0900000)
 Metaspace       used 17681K, capacity 18111K, committed 18304K, reserved 1064960K
  class space    used 1671K, capacity 1833K, committed 1920K, reserved 1048576K
GC Heap History (4 events):
Event: 1,377 GC heap before
{Heap before GC invocations=1 (full 0):
 PSYoungGen      total 74752K, used 62436K [0x000000076cb80000, 0x0000000771e80000, 0x00000007c0000000)
  eden space 64512K, 96% used [0x000000076cb80000,0x0000000770879068,0x0000000770a80000)
  from space 10240K, 0% used [0x0000000771480000,0x0000000771480000,0x0000000771e80000)
  to   space 10240K, 0% used [0x0000000770a80000,0x0000000770a80000,0x0000000771480000)
 ParOldGen       total 171008K, used 0K [0x00000006c6200000, 0x00000006d0900000, 0x000000076cb80000)
  object space 171008K, 0% used [0x00000006c6200000,0x00000006c6200000,0x00000006d0900000)
 Metaspace       used 16377K, capacity 16705K, committed 17152K, reserved 1064960K
  class space    used 1544K, capacity 1684K, committed 1792K, reserved 1048576K
Event: 1,386 GC heap after
Heap after GC invocations=1 (full 0):
 PSYoungGen      total 74752K, used 10236K [0x000000076cb80000, 0x0000000771e80000, 0x00000007c0000000)
  eden space 64512K, 0% used [0x000000076cb80000,0x000000076cb80000,0x0000000770a80000)
  from space 10240K, 99% used [0x0000000770a80000,0x000000077147f368,0x0000000771480000)
  to   space 10240K, 0% used [0x0000000771480000,0x0000000771480000,0x0000000771e80000)
 ParOldGen       total 171008K, used 621K [0x00000006c6200000, 0x00000006d0900000, 0x000000076cb80000)
  object space 171008K, 0% used [0x00000006c6200000,0x00000006c629b4d8,0x00000006d0900000)
 Metaspace       used 16377K, capacity 16705K, committed 17152K, reserved 1064960K
  class space    used 1544K, capacity 1684K, committed 1792K, reserved 1048576K
}
Event: 1,577 GC heap before
{Heap before GC invocations=2 (full 0):
 PSYoungGen      total 74752K, used 74748K [0x000000076cb80000, 0x0000000771e80000, 0x00000007c0000000)
  eden space 64512K, 100% used [0x000000076cb80000,0x0000000770a80000,0x0000000770a80000)
  from space 10240K, 99% used [0x0000000770a80000,0x000000077147f368,0x0000000771480000)
  to   space 10240K, 0% used [0x0000000771480000,0x0000000771480000,0x0000000771e80000)
 ParOldGen       total 171008K, used 621K [0x00000006c6200000, 0x00000006d0900000, 0x000000076cb80000)
  object space 171008K, 0% used [0x00000006c6200000,0x00000006c629b4d8,0x00000006d0900000)
 Metaspace       used 17318K, capacity 17729K, committed 18048K, reserved 1064960K
  class space    used 1633K, capacity 1796K, committed 1920K, reserved 1048576K
Event: 1,581 GC heap after
Heap after GC invocations=2 (full 0):
 PSYoungGen      total 74752K, used 5909K [0x000000076cb80000, 0x0000000775d80000, 0x00000007c0000000)
  eden space 64512K, 0% used [0x000000076cb80000,0x000000076cb80000,0x0000000770a80000)
  from space 10240K, 57% used [0x0000000771480000,0x0000000771a45648,0x0000000771e80000)
  to   space 10240K, 0% used [0x0000000770a80000,0x0000000770a80000,0x0000000771480000)
 ParOldGen       total 171008K, used 629K [0x00000006c6200000, 0x00000006d0900000, 0x000000076cb80000)
  object space 171008K, 0% used [0x00000006c6200000,0x00000006c629d4d8,0x00000006d0900000)
 Metaspace       used 17318K, capacity 17729K, committed 18048K, reserved 1064960K
  class space    used 1633K, capacity 1796K, committed 1920K, reserved 1048576K
}

