# JRE version: OpenJDK Runtime Environment (8.0_162-b12) (build 1.8.0_162-8u162-b12-0ubuntu0.16.04.2-b12)
# Java VM: OpenJDK 64-Bit Server VM (25.162-b12 mixed mode linux-amd64 compressed oops)
Heap:
 PSYoungGen      total 74752K, used 12365K [0x000000076cb80000, 0x0000000775d80000, 0x00000007c0000000)
  eden space 64512K, 8% used [0x000000076cb80000,0x000000076d0b56b0,0x0000000770a80000)
  from space 10240K, 68% used [0x0000000771480000,0x0000000771b5e068,0x0000000771e80000)
  to   space 10240K, 0% used [0x0000000770a80000,0x0000000770a80000,0x0000000771480000)
 ParOldGen       total 171008K, used 1726K [0x00000006c6200000, 0x00000006d0900000, 0x000000076cb80000)
  object space 171008K, 1% used [0x00000006c6200000,0x00000006c63af968,0x00000006d0900000)
 Metaspace       used 17656K, capacity 18111K, committed 18304K, reserved 1064960K
  class space    used 1670K, capacity 1833K, committed 1920K, reserved 1048576K
GC Heap History (4 events):
Event: 1,482 GC heap before
{Heap before GC invocations=1 (full 0):
 PSYoungGen      total 74752K, used 64488K [0x000000076cb80000, 0x0000000771e80000, 0x00000007c0000000)
  eden space 64512K, 99% used [0x000000076cb80000,0x0000000770a7a308,0x0000000770a80000)
  from space 10240K, 0% used [0x0000000771480000,0x0000000771480000,0x0000000771e80000)
  to   space 10240K, 0% used [0x0000000770a80000,0x0000000770a80000,0x0000000771480000)
 ParOldGen       total 171008K, used 0K [0x00000006c6200000, 0x00000006d0900000, 0x000000076cb80000)
  object space 171008K, 0% used [0x00000006c6200000,0x00000006c6200000,0x00000006d0900000)
 Metaspace       used 16360K, capacity 16705K, committed 17152K, reserved 1064960K
  class space    used 1543K, capacity 1684K, committed 1792K, reserved 1048576K
Event: 1,488 GC heap after
Heap after GC invocations=1 (full 0):
 PSYoungGen      total 74752K, used 10220K [0x000000076cb80000, 0x0000000771e80000, 0x00000007c0000000)
  eden space 64512K, 0% used [0x000000076cb80000,0x000000076cb80000,0x0000000770a80000)
  from space 10240K, 99% used [0x0000000770a80000,0x000000077147b360,0x0000000771480000)
  to   space 10240K, 0% used [0x0000000771480000,0x0000000771480000,0x0000000771e80000)
 ParOldGen       total 171008K, used 1718K [0x00000006c6200000, 0x00000006d0900000, 0x000000076cb80000)
  object space 171008K, 1% used [0x00000006c6200000,0x00000006c63ad968,0x00000006d0900000)
 Metaspace       used 16360K, capacity 16705K, committed 17152K, reserved 1064960K
  class space    used 1543K, capacity 1684K, committed 1792K, reserved 1048576K
}
Event: 1,712 GC heap before
{Heap before GC invocations=2 (full 0):
 PSYoungGen      total 74752K, used 74732K [0x000000076cb80000, 0x0000000771e80000, 0x00000007c0000000)
  eden space 64512K, 100% used [0x000000076cb80000,0x0000000770a80000,0x0000000770a80000)
  from space 10240K, 99% used [0x0000000770a80000,0x000000077147b360,0x0000000771480000)
  to   space 10240K, 0% used [0x0000000771480000,0x0000000771480000,0x0000000771e80000)
 ParOldGen       total 171008K, used 1718K [0x00000006c6200000, 0x00000006d0900000, 0x000000076cb80000)
  object space 171008K, 1% used [0x00000006c6200000,0x00000006c63ad968,0x00000006d0900000)
 Metaspace       used 17447K, capacity 17823K, committed 18048K, reserved 1064960K
  class space    used 1648K, capacity 1801K, committed 1920K, reserved 1048576K
Event: 1,717 GC heap after
Heap after GC invocations=2 (full 0):
 PSYoungGen      total 74752K, used 7032K [0x000000076cb80000, 0x0000000775d80000, 0x00000007c0000000)
  eden space 64512K, 0% used [0x000000076cb80000,0x000000076cb80000,0x0000000770a80000)
  from space 10240K, 68% used [0x0000000771480000,0x0000000771b5e068,0x0000000771e80000)
  to   space 10240K, 0% used [0x0000000770a80000,0x0000000770a80000,0x0000000771480000)
 ParOldGen       total 171008K, used 1726K [0x00000006c6200000, 0x00000006d0900000, 0x000000076cb80000)
  object space 171008K, 1% used [0x00000006c6200000,0x00000006c63af968,0x00000006d0900000)
 Metaspace       used 17447K, capacity 17823K, committed 18048K, reserved 1064960K
  class space    used 1648K, capacity 1801K, committed 1920K, reserved 1048576K
}

