# JRE version: OpenJDK Runtime Environment (8.0_162-b12) (build 1.8.0_162-8u162-b12-0ubuntu0.16.04.2-b12)
# Java VM: OpenJDK 64-Bit Server VM (25.162-b12 mixed mode linux-amd64 compressed oops)
Heap:
 PSYoungGen      total 74752K, used 13139K [0x000000076cb80000, 0x0000000775d80000, 0x00000007c0000000)
  eden space 64512K, 8% used [0x000000076cb80000,0x000000076d0b65e8,0x0000000770a80000)
  from space 10240K, 76% used [0x0000000771480000,0x0000000771c1e908,0x0000000771e80000)
  to   space 10240K, 0% used [0x0000000770a80000,0x0000000770a80000,0x0000000771480000)
 ParOldGen       total 171008K, used 1729K [0x00000006c6200000, 0x00000006d0900000, 0x000000076cb80000)
  object space 171008K, 1% used [0x00000006c6200000,0x00000006c63b0600,0x00000006d0900000)
 Metaspace       used 17661K, capacity 18107K, committed 18304K, reserved 1064960K
  class space    used 1670K, capacity 1833K, committed 1920K, reserved 1048576K
GC Heap History (4 events):
Event: 1,447 GC heap before
{Heap before GC invocations=1 (full 0):
 PSYoungGen      total 74752K, used 64490K [0x000000076cb80000, 0x0000000771e80000, 0x00000007c0000000)
  eden space 64512K, 99% used [0x000000076cb80000,0x0000000770a7abc0,0x0000000770a80000)
  from space 10240K, 0% used [0x0000000771480000,0x0000000771480000,0x0000000771e80000)
  to   space 10240K, 0% used [0x0000000770a80000,0x0000000770a80000,0x0000000771480000)
 ParOldGen       total 171008K, used 0K [0x00000006c6200000, 0x00000006d0900000, 0x000000076cb80000)
  object space 171008K, 0% used [0x00000006c6200000,0x00000006c6200000,0x00000006d0900000)
 Metaspace       used 16356K, capacity 16701K, committed 17152K, reserved 1064960K
  class space    used 1543K, capacity 1684K, committed 1792K, reserved 1048576K
Event: 1,456 GC heap after
Heap after GC invocations=1 (full 0):
 PSYoungGen      total 74752K, used 10216K [0x000000076cb80000, 0x0000000771e80000, 0x00000007c0000000)
  eden space 64512K, 0% used [0x000000076cb80000,0x000000076cb80000,0x0000000770a80000)
  from space 10240K, 99% used [0x0000000770a80000,0x000000077147a3d0,0x0000000771480000)
  to   space 10240K, 0% used [0x0000000771480000,0x0000000771480000,0x0000000771e80000)
 ParOldGen       total 171008K, used 1721K [0x00000006c6200000, 0x00000006d0900000, 0x000000076cb80000)
  object space 171008K, 1% used [0x00000006c6200000,0x00000006c63ae600,0x00000006d0900000)
 Metaspace       used 16356K, capacity 16701K, committed 17152K, reserved 1064960K
  class space    used 1543K, capacity 1684K, committed 1792K, reserved 1048576K
}
Event: 1,667 GC heap before
{Heap before GC invocations=2 (full 0):
 PSYoungGen      total 74752K, used 74728K [0x000000076cb80000, 0x0000000771e80000, 0x00000007c0000000)
  eden space 64512K, 100% used [0x000000076cb80000,0x0000000770a80000,0x0000000770a80000)
  from space 10240K, 99% used [0x0000000770a80000,0x000000077147a3d0,0x0000000771480000)
  to   space 10240K, 0% used [0x0000000771480000,0x0000000771480000,0x0000000771e80000)
 ParOldGen       total 171008K, used 1721K [0x00000006c6200000, 0x00000006d0900000, 0x000000076cb80000)
  object space 171008K, 1% used [0x00000006c6200000,0x00000006c63ae600,0x00000006d0900000)
 Metaspace       used 17448K, capacity 17883K, committed 18048K, reserved 1064960K
  class space    used 1648K, capacity 1801K, committed 1920K, reserved 1048576K
Event: 1,672 GC heap after
Heap after GC invocations=2 (full 0):
 PSYoungGen      total 74752K, used 7802K [0x000000076cb80000, 0x0000000775d80000, 0x00000007c0000000)
  eden space 64512K, 0% used [0x000000076cb80000,0x000000076cb80000,0x0000000770a80000)
  from space 10240K, 76% used [0x0000000771480000,0x0000000771c1e908,0x0000000771e80000)
  to   space 10240K, 0% used [0x0000000770a80000,0x0000000770a80000,0x0000000771480000)
 ParOldGen       total 171008K, used 1729K [0x00000006c6200000, 0x00000006d0900000, 0x000000076cb80000)
  object space 171008K, 1% used [0x00000006c6200000,0x00000006c63b0600,0x00000006d0900000)
 Metaspace       used 17448K, capacity 17883K, committed 18048K, reserved 1064960K
  class space    used 1648K, capacity 1801K, committed 1920K, reserved 1048576K
}

