# JRE version: OpenJDK Runtime Environment (8.0_162-b12) (build 1.8.0_162-8u162-b12-0ubuntu0.16.04.2-b12)
# Java VM: OpenJDK 64-Bit Server VM (25.162-b12 mixed mode linux-amd64 compressed oops)
Heap:
 PSYoungGen      total 74752K, used 12190K [0x000000076cb80000, 0x0000000771e80000, 0x00000007c0000000)
  eden space 64512K, 8% used [0x000000076cb80000,0x000000076d0cd568,0x0000000770a80000)
  from space 10240K, 66% used [0x0000000771480000,0x0000000771b1a5e0,0x0000000771e80000)
  to   space 10240K, 0% used [0x0000000770a80000,0x0000000770a80000,0x0000000771480000)
 ParOldGen       total 171008K, used 1837K [0x00000006c6200000, 0x00000006d0900000, 0x000000076cb80000)
  object space 171008K, 1% used [0x00000006c6200000,0x00000006c63cb520,0x00000006d0900000)
 Metaspace       used 18003K, capacity 18461K, committed 18816K, reserved 1067008K
  class space    used 1696K, capacity 1864K, committed 1920K, reserved 1048576K
GC Heap History (4 events):
Event: 1,187 GC heap before
{Heap before GC invocations=1 (full 0):
 PSYoungGen      total 74752K, used 64125K [0x000000076cb80000, 0x0000000771e80000, 0x00000007c0000000)
  eden space 64512K, 99% used [0x000000076cb80000,0x0000000770a1f590,0x0000000770a80000)
  from space 10240K, 0% used [0x0000000771480000,0x0000000771480000,0x0000000771e80000)
  to   space 10240K, 0% used [0x0000000770a80000,0x0000000770a80000,0x0000000771480000)
 ParOldGen       total 171008K, used 0K [0x00000006c6200000, 0x00000006d0900000, 0x000000076cb80000)
  object space 171008K, 0% used [0x00000006c6200000,0x00000006c6200000,0x00000006d0900000)
 Metaspace       used 16298K, capacity 16649K, committed 16896K, reserved 1064960K
  class space    used 1531K, capacity 1684K, committed 1792K, reserved 1048576K
Event: 1,193 GC heap after
Heap after GC invocations=1 (full 0):
 PSYoungGen      total 74752K, used 10226K [0x000000076cb80000, 0x0000000771e80000, 0x00000007c0000000)
  eden space 64512K, 0% used [0x000000076cb80000,0x000000076cb80000,0x0000000770a80000)
  from space 10240K, 99% used [0x0000000770a80000,0x000000077147c970,0x0000000771480000)
  to   space 10240K, 0% used [0x0000000771480000,0x0000000771480000,0x0000000771e80000)
 ParOldGen       total 171008K, used 1829K [0x00000006c6200000, 0x00000006d0900000, 0x000000076cb80000)
  object space 171008K, 1% used [0x00000006c6200000,0x00000006c63c9520,0x00000006d0900000)
 Metaspace       used 16298K, capacity 16649K, committed 16896K, reserved 1064960K
  class space    used 1531K, capacity 1684K, committed 1792K, reserved 1048576K
}
Event: 1,536 GC heap before
{Heap before GC invocations=2 (full 0):
 PSYoungGen      total 74752K, used 74738K [0x000000076cb80000, 0x0000000771e80000, 0x00000007c0000000)
  eden space 64512K, 100% used [0x000000076cb80000,0x0000000770a80000,0x0000000770a80000)
  from space 10240K, 99% used [0x0000000770a80000,0x000000077147c970,0x0000000771480000)
  to   space 10240K, 0% used [0x0000000771480000,0x0000000771480000,0x0000000771e80000)
 ParOldGen       total 171008K, used 1829K [0x00000006c6200000, 0x00000006d0900000, 0x000000076cb80000)
  object space 171008K, 1% used [0x00000006c6200000,0x00000006c63c9520,0x00000006d0900000)
 Metaspace       used 17888K, capacity 18333K, committed 18560K, reserved 1067008K
  class space    used 1691K, capacity 1864K, committed 1920K, reserved 1048576K
Event: 1,541 GC heap after
Heap after GC invocations=2 (full 0):
 PSYoungGen      total 74752K, used 6761K [0x000000076cb80000, 0x0000000771e80000, 0x00000007c0000000)
  eden space 64512K, 0% used [0x000000076cb80000,0x000000076cb80000,0x0000000770a80000)
  from space 10240K, 66% used [0x0000000771480000,0x0000000771b1a5e0,0x0000000771e80000)
  to   space 10240K, 0% used [0x0000000770a80000,0x0000000770a80000,0x0000000771480000)
 ParOldGen       total 171008K, used 1837K [0x00000006c6200000, 0x00000006d0900000, 0x000000076cb80000)
  object space 171008K, 1% used [0x00000006c6200000,0x00000006c63cb520,0x00000006d0900000)
 Metaspace       used 17888K, capacity 18333K, committed 18560K, reserved 1067008K
  class space    used 1691K, capacity 1864K, committed 1920K, reserved 1048576K
}

