# JRE version: OpenJDK Runtime Environment (8.0_162-b12) (build 1.8.0_162-8u162-b12-0ubuntu0.16.04.2-b12)
# Java VM: OpenJDK 64-Bit Server VM (25.162-b12 mixed mode linux-amd64 compressed oops)
Heap:
 PSYoungGen      total 74752K, used 14671K [0x000000076cb80000, 0x0000000775d80000, 0x00000007c0000000)
  eden space 64512K, 12% used [0x000000076cb80000,0x000000076d35bce0,0x0000000770a80000)
  from space 10240K, 64% used [0x0000000771480000,0x0000000771af8198,0x0000000771e80000)
  to   space 10240K, 0% used [0x0000000770a80000,0x0000000770a80000,0x0000000771480000)
 ParOldGen       total 171008K, used 673K [0x00000006c6200000, 0x00000006d0900000, 0x000000076cb80000)
  object space 171008K, 0% used [0x00000006c6200000,0x00000006c62a85a0,0x00000006d0900000)
 Metaspace       used 18013K, capacity 18449K, committed 18816K, reserved 1067008K
  class space    used 1698K, capacity 1864K, committed 1920K, reserved 1048576K
GC Heap History (4 events):
Event: 1,071 GC heap before
{Heap before GC invocations=1 (full 0):
 PSYoungGen      total 74752K, used 62145K [0x000000076cb80000, 0x0000000771e80000, 0x00000007c0000000)
  eden space 64512K, 96% used [0x000000076cb80000,0x0000000770830578,0x0000000770a80000)
  from space 10240K, 0% used [0x0000000771480000,0x0000000771480000,0x0000000771e80000)
  to   space 10240K, 0% used [0x0000000770a80000,0x0000000770a80000,0x0000000771480000)
 ParOldGen       total 171008K, used 0K [0x00000006c6200000, 0x00000006d0900000, 0x000000076cb80000)
  object space 171008K, 0% used [0x00000006c6200000,0x00000006c6200000,0x00000006d0900000)
 Metaspace       used 16313K, capacity 16701K, committed 17152K, reserved 1064960K
  class space    used 1532K, capacity 1684K, committed 1792K, reserved 1048576K
Event: 1,077 GC heap after
Heap after GC invocations=1 (full 0):
 PSYoungGen      total 74752K, used 10224K [0x000000076cb80000, 0x0000000771e80000, 0x00000007c0000000)
  eden space 64512K, 0% used [0x000000076cb80000,0x000000076cb80000,0x0000000770a80000)
  from space 10240K, 99% used [0x0000000770a80000,0x000000077147c0e0,0x0000000771480000)
  to   space 10240K, 0% used [0x0000000771480000,0x0000000771480000,0x0000000771e80000)
 ParOldGen       total 171008K, used 665K [0x00000006c6200000, 0x00000006d0900000, 0x000000076cb80000)
  object space 171008K, 0% used [0x00000006c6200000,0x00000006c62a65a0,0x00000006d0900000)
 Metaspace       used 16313K, capacity 16701K, committed 17152K, reserved 1064960K
  class space    used 1532K, capacity 1684K, committed 1792K, reserved 1048576K
}
Event: 1,344 GC heap before
{Heap before GC invocations=2 (full 0):
 PSYoungGen      total 74752K, used 74721K [0x000000076cb80000, 0x0000000771e80000, 0x00000007c0000000)
  eden space 64512K, 99% used [0x000000076cb80000,0x0000000770a7c4e8,0x0000000770a80000)
  from space 10240K, 99% used [0x0000000770a80000,0x000000077147c0e0,0x0000000771480000)
  to   space 10240K, 0% used [0x0000000771480000,0x0000000771480000,0x0000000771e80000)
 ParOldGen       total 171008K, used 665K [0x00000006c6200000, 0x00000006d0900000, 0x000000076cb80000)
  object space 171008K, 0% used [0x00000006c6200000,0x00000006c62a65a0,0x00000006d0900000)
 Metaspace       used 17888K, capacity 18289K, committed 18560K, reserved 1067008K
  class space    used 1691K, capacity 1832K, committed 1920K, reserved 1048576K
Event: 1,355 GC heap after
Heap after GC invocations=2 (full 0):
 PSYoungGen      total 74752K, used 6624K [0x000000076cb80000, 0x0000000775d80000, 0x00000007c0000000)
  eden space 64512K, 0% used [0x000000076cb80000,0x000000076cb80000,0x0000000770a80000)
  from space 10240K, 64% used [0x0000000771480000,0x0000000771af8198,0x0000000771e80000)
  to   space 10240K, 0% used [0x0000000770a80000,0x0000000770a80000,0x0000000771480000)
 ParOldGen       total 171008K, used 673K [0x00000006c6200000, 0x00000006d0900000, 0x000000076cb80000)
  object space 171008K, 0% used [0x00000006c6200000,0x00000006c62a85a0,0x00000006d0900000)
 Metaspace       used 17888K, capacity 18289K, committed 18560K, reserved 1067008K
  class space    used 1691K, capacity 1832K, committed 1920K, reserved 1048576K
}

