# JRE version: OpenJDK Runtime Environment (8.0_162-b12) (build 1.8.0_162-8u162-b12-0ubuntu0.16.04.2-b12)
# Java VM: OpenJDK 64-Bit Server VM (25.162-b12 mixed mode linux-amd64 compressed oops)
Heap:
 PSYoungGen      total 139264K, used 17405K [0x000000076cb80000, 0x0000000775d80000, 0x00000007c0000000)
  eden space 129024K, 8% used [0x000000076cb80000,0x000000076d6199a8,0x0000000774980000)
  from space 10240K, 63% used [0x0000000775380000,0x00000007759e5a98,0x0000000775d80000)
  to   space 10240K, 0% used [0x0000000774980000,0x0000000774980000,0x0000000775380000)
 ParOldGen       total 171008K, used 637K [0x00000006c6200000, 0x00000006d0900000, 0x000000076cb80000)
  object space 171008K, 0% used [0x00000006c6200000,0x00000006c629f4d8,0x00000006d0900000)
 Metaspace       used 17973K, capacity 18397K, committed 18560K, reserved 1067008K
  class space    used 1696K, capacity 1864K, committed 1920K, reserved 1048576K
GC Heap History (4 events):
Event: 1,071 GC heap before
{Heap before GC invocations=1 (full 0):
 PSYoungGen      total 74752K, used 62145K [0x000000076cb80000, 0x0000000771e80000, 0x00000007c0000000)
  eden space 64512K, 96% used [0x000000076cb80000,0x0000000770830660,0x0000000770a80000)
  from space 10240K, 0% used [0x0000000771480000,0x0000000771480000,0x0000000771e80000)
  to   space 10240K, 0% used [0x0000000770a80000,0x0000000770a80000,0x0000000771480000)
 ParOldGen       total 171008K, used 0K [0x00000006c6200000, 0x00000006d0900000, 0x000000076cb80000)
  object space 171008K, 0% used [0x00000006c6200000,0x00000006c6200000,0x00000006d0900000)
 Metaspace       used 16266K, capacity 16649K, committed 16896K, reserved 1064960K
  class space    used 1531K, capacity 1684K, committed 1792K, reserved 1048576K
Event: 1,082 GC heap after
Heap after GC invocations=1 (full 0):
 PSYoungGen      total 74752K, used 10233K [0x000000076cb80000, 0x0000000775d80000, 0x00000007c0000000)
  eden space 64512K, 0% used [0x000000076cb80000,0x000000076cb80000,0x0000000770a80000)
  from space 10240K, 99% used [0x0000000770a80000,0x000000077147e6f8,0x0000000771480000)
  to   space 10240K, 0% used [0x0000000775380000,0x0000000775380000,0x0000000775d80000)
 ParOldGen       total 171008K, used 629K [0x00000006c6200000, 0x00000006d0900000, 0x000000076cb80000)
  object space 171008K, 0% used [0x00000006c6200000,0x00000006c629d4d8,0x00000006d0900000)
 Metaspace       used 16266K, capacity 16649K, committed 16896K, reserved 1064960K
  class space    used 1531K, capacity 1684K, committed 1792K, reserved 1048576K
}
Event: 1,370 GC heap before
{Heap before GC invocations=2 (full 0):
 PSYoungGen      total 74752K, used 74745K [0x000000076cb80000, 0x0000000775d80000, 0x00000007c0000000)
  eden space 64512K, 100% used [0x000000076cb80000,0x0000000770a80000,0x0000000770a80000)
  from space 10240K, 99% used [0x0000000770a80000,0x000000077147e6f8,0x0000000771480000)
  to   space 10240K, 0% used [0x0000000775380000,0x0000000775380000,0x0000000775d80000)
 ParOldGen       total 171008K, used 629K [0x00000006c6200000, 0x00000006d0900000, 0x000000076cb80000)
  object space 171008K, 0% used [0x00000006c6200000,0x00000006c629d4d8,0x00000006d0900000)
 Metaspace       used 17851K, capacity 18237K, committed 18560K, reserved 1067008K
  class space    used 1689K, capacity 1832K, committed 1920K, reserved 1048576K
Event: 1,375 GC heap after
Heap after GC invocations=2 (full 0):
 PSYoungGen      total 139264K, used 6550K [0x000000076cb80000, 0x0000000775d80000, 0x00000007c0000000)
  eden space 129024K, 0% used [0x000000076cb80000,0x000000076cb80000,0x0000000774980000)
  from space 10240K, 63% used [0x0000000775380000,0x00000007759e5a98,0x0000000775d80000)
  to   space 10240K, 0% used [0x0000000774980000,0x0000000774980000,0x0000000775380000)
 ParOldGen       total 171008K, used 637K [0x00000006c6200000, 0x00000006d0900000, 0x000000076cb80000)
  object space 171008K, 0% used [0x00000006c6200000,0x00000006c629f4d8,0x00000006d0900000)
 Metaspace       used 17851K, capacity 18237K, committed 18560K, reserved 1067008K
  class space    used 1689K, capacity 1832K, committed 1920K, reserved 1048576K
}

